The following values were not passed to `accelerate launch` and had defaults used instead:
	`--num_processes` was set to a value of `1`
	`--num_machines` was set to a value of `1`
	`--mixed_precision` was set to a value of `'no'`
	`--dynamo_backend` was set to a value of `'no'`
To avoid this warning pass in values for each of the problematic parameters or run `accelerate config`.
Flax classes are deprecated and will be removed in Diffusers v0.40.0. We recommend migrating to PyTorch classes or pinning your version of Diffusers.
Flax classes are deprecated and will be removed in Diffusers v0.40.0. We recommend migrating to PyTorch classes or pinning your version of Diffusers.
06/11/2026 01:43:32 - INFO - __main__ - [RANK 0] Distributed environment: DistributedType.NO
Num processes: 1
Process index: 0
Local process index: 0
Device: cuda

Mixed precision type: fp16

06/11/2026 01:43:32 - INFO - httpx - HTTP Request: HEAD https://huggingface.co/stabilityai/stable-diffusion-xl-base-1.0/resolve/main/tokenizer/config.json "HTTP/1.1 404 Not Found"
06/11/2026 01:43:32 - INFO - httpx - HTTP Request: HEAD https://huggingface.co/stabilityai/stable-diffusion-xl-base-1.0/resolve/main/tokenizer/config.json "HTTP/1.1 404 Not Found"
Warning: You are sending unauthenticated requests to the HF Hub. Please set a HF_TOKEN to enable higher rate limits and faster downloads.
06/11/2026 01:43:32 - WARNING - huggingface_hub.utils._http - Warning: You are sending unauthenticated requests to the HF Hub. Please set a HF_TOKEN to enable higher rate limits and faster downloads.
06/11/2026 01:43:32 - INFO - httpx - HTTP Request: HEAD https://huggingface.co/stabilityai/stable-diffusion-xl-base-1.0/resolve/main/tokenizer/tokenizer_config.json "HTTP/1.1 307 Temporary Redirect"
06/11/2026 01:43:32 - INFO - httpx - HTTP Request: HEAD https://huggingface.co/api/resolve-cache/models/stabilityai/stable-diffusion-xl-base-1.0/462165984030d82259a11f4367a4eed129e94a7b/tokenizer%2Ftokenizer_config.json "HTTP/1.1 200 OK"
06/11/2026 01:43:32 - INFO - httpx - HTTP Request: GET https://huggingface.co/api/resolve-cache/models/stabilityai/stable-diffusion-xl-base-1.0/462165984030d82259a11f4367a4eed129e94a7b/tokenizer%2Ftokenizer_config.json "HTTP/1.1 200 OK"
06/11/2026 01:43:32 - INFO - httpx - HTTP Request: GET https://huggingface.co/api/models/stabilityai/stable-diffusion-xl-base-1.0/tree/main/additional_chat_templates?recursive=false&expand=false "HTTP/1.1 404 Not Found"
06/11/2026 01:43:32 - INFO - httpx - HTTP Request: GET https://huggingface.co/api/models/stabilityai/stable-diffusion-xl-base-1.0/tree/main?recursive=true&expand=false "HTTP/1.1 200 OK"
06/11/2026 01:43:32 - INFO - httpx - HTTP Request: HEAD https://huggingface.co/stabilityai/stable-diffusion-xl-base-1.0/resolve/main/tokenizer/vocab.json "HTTP/1.1 307 Temporary Redirect"
06/11/2026 01:43:32 - INFO - httpx - HTTP Request: HEAD https://huggingface.co/api/resolve-cache/models/stabilityai/stable-diffusion-xl-base-1.0/462165984030d82259a11f4367a4eed129e94a7b/tokenizer%2Fvocab.json "HTTP/1.1 200 OK"
06/11/2026 01:43:32 - INFO - httpx - HTTP Request: GET https://huggingface.co/api/resolve-cache/models/stabilityai/stable-diffusion-xl-base-1.0/462165984030d82259a11f4367a4eed129e94a7b/tokenizer%2Fvocab.json "HTTP/1.1 200 OK"
06/11/2026 01:43:32 - INFO - httpx - HTTP Request: HEAD https://huggingface.co/stabilityai/stable-diffusion-xl-base-1.0/resolve/main/tokenizer/merges.txt "HTTP/1.1 307 Temporary Redirect"
06/11/2026 01:43:32 - INFO - httpx - HTTP Request: HEAD https://huggingface.co/api/resolve-cache/models/stabilityai/stable-diffusion-xl-base-1.0/462165984030d82259a11f4367a4eed129e94a7b/tokenizer%2Fmerges.txt "HTTP/1.1 200 OK"
06/11/2026 01:43:33 - INFO - httpx - HTTP Request: GET https://huggingface.co/api/resolve-cache/models/stabilityai/stable-diffusion-xl-base-1.0/462165984030d82259a11f4367a4eed129e94a7b/tokenizer%2Fmerges.txt "HTTP/1.1 200 OK"
06/11/2026 01:43:33 - INFO - httpx - HTTP Request: HEAD https://huggingface.co/stabilityai/stable-diffusion-xl-base-1.0/resolve/main/tokenizer/tokenizer.json "HTTP/1.1 404 Not Found"
06/11/2026 01:43:33 - INFO - httpx - HTTP Request: HEAD https://huggingface.co/stabilityai/stable-diffusion-xl-base-1.0/resolve/main/tokenizer/added_tokens.json "HTTP/1.1 404 Not Found"
06/11/2026 01:43:33 - INFO - httpx - HTTP Request: HEAD https://huggingface.co/stabilityai/stable-diffusion-xl-base-1.0/resolve/main/tokenizer/special_tokens_map.json "HTTP/1.1 307 Temporary Redirect"
06/11/2026 01:43:33 - INFO - httpx - HTTP Request: HEAD https://huggingface.co/api/resolve-cache/models/stabilityai/stable-diffusion-xl-base-1.0/462165984030d82259a11f4367a4eed129e94a7b/tokenizer%2Fspecial_tokens_map.json "HTTP/1.1 200 OK"
06/11/2026 01:43:33 - INFO - httpx - HTTP Request: GET https://huggingface.co/api/resolve-cache/models/stabilityai/stable-diffusion-xl-base-1.0/462165984030d82259a11f4367a4eed129e94a7b/tokenizer%2Fspecial_tokens_map.json "HTTP/1.1 200 OK"
06/11/2026 01:43:33 - INFO - httpx - HTTP Request: HEAD https://huggingface.co/stabilityai/stable-diffusion-xl-base-1.0/resolve/main/tokenizer/chat_template.jinja "HTTP/1.1 404 Not Found"
06/11/2026 01:43:33 - INFO - httpx - HTTP Request: HEAD https://huggingface.co/stabilityai/stable-diffusion-xl-base-1.0/resolve/main/tokenizer_2/config.json "HTTP/1.1 404 Not Found"
06/11/2026 01:43:33 - INFO - httpx - HTTP Request: HEAD https://huggingface.co/stabilityai/stable-diffusion-xl-base-1.0/resolve/main/tokenizer_2/config.json "HTTP/1.1 404 Not Found"
06/11/2026 01:43:33 - INFO - httpx - HTTP Request: HEAD https://huggingface.co/stabilityai/stable-diffusion-xl-base-1.0/resolve/main/tokenizer_2/tokenizer_config.json "HTTP/1.1 307 Temporary Redirect"
06/11/2026 01:43:33 - INFO - httpx - HTTP Request: HEAD https://huggingface.co/api/resolve-cache/models/stabilityai/stable-diffusion-xl-base-1.0/462165984030d82259a11f4367a4eed129e94a7b/tokenizer_2%2Ftokenizer_config.json "HTTP/1.1 200 OK"
06/11/2026 01:43:33 - INFO - httpx - HTTP Request: GET https://huggingface.co/api/resolve-cache/models/stabilityai/stable-diffusion-xl-base-1.0/462165984030d82259a11f4367a4eed129e94a7b/tokenizer_2%2Ftokenizer_config.json "HTTP/1.1 200 OK"
06/11/2026 01:43:33 - INFO - httpx - HTTP Request: GET https://huggingface.co/api/models/stabilityai/stable-diffusion-xl-base-1.0/tree/main/additional_chat_templates?recursive=false&expand=false "HTTP/1.1 404 Not Found"
06/11/2026 01:43:33 - INFO - httpx - HTTP Request: GET https://huggingface.co/api/models/stabilityai/stable-diffusion-xl-base-1.0/tree/main?recursive=true&expand=false "HTTP/1.1 200 OK"
06/11/2026 01:43:34 - INFO - httpx - HTTP Request: HEAD https://huggingface.co/stabilityai/stable-diffusion-xl-base-1.0/resolve/main/tokenizer_2/vocab.json "HTTP/1.1 307 Temporary Redirect"
06/11/2026 01:43:34 - INFO - httpx - HTTP Request: HEAD https://huggingface.co/api/resolve-cache/models/stabilityai/stable-diffusion-xl-base-1.0/462165984030d82259a11f4367a4eed129e94a7b/tokenizer_2%2Fvocab.json "HTTP/1.1 200 OK"
06/11/2026 01:43:34 - INFO - httpx - HTTP Request: HEAD https://huggingface.co/stabilityai/stable-diffusion-xl-base-1.0/resolve/main/tokenizer_2/merges.txt "HTTP/1.1 307 Temporary Redirect"
06/11/2026 01:43:34 - INFO - httpx - HTTP Request: HEAD https://huggingface.co/api/resolve-cache/models/stabilityai/stable-diffusion-xl-base-1.0/462165984030d82259a11f4367a4eed129e94a7b/tokenizer_2%2Fmerges.txt "HTTP/1.1 200 OK"
06/11/2026 01:43:34 - INFO - httpx - HTTP Request: HEAD https://huggingface.co/stabilityai/stable-diffusion-xl-base-1.0/resolve/main/tokenizer_2/tokenizer.json "HTTP/1.1 404 Not Found"
06/11/2026 01:43:34 - INFO - httpx - HTTP Request: HEAD https://huggingface.co/stabilityai/stable-diffusion-xl-base-1.0/resolve/main/tokenizer_2/added_tokens.json "HTTP/1.1 404 Not Found"
06/11/2026 01:43:34 - INFO - httpx - HTTP Request: HEAD https://huggingface.co/stabilityai/stable-diffusion-xl-base-1.0/resolve/main/tokenizer_2/special_tokens_map.json "HTTP/1.1 307 Temporary Redirect"
06/11/2026 01:43:34 - INFO - httpx - HTTP Request: HEAD https://huggingface.co/api/resolve-cache/models/stabilityai/stable-diffusion-xl-base-1.0/462165984030d82259a11f4367a4eed129e94a7b/tokenizer_2%2Fspecial_tokens_map.json "HTTP/1.1 200 OK"
06/11/2026 01:43:34 - INFO - httpx - HTTP Request: GET https://huggingface.co/api/resolve-cache/models/stabilityai/stable-diffusion-xl-base-1.0/462165984030d82259a11f4367a4eed129e94a7b/tokenizer_2%2Fspecial_tokens_map.json "HTTP/1.1 200 OK"
06/11/2026 01:43:34 - INFO - httpx - HTTP Request: HEAD https://huggingface.co/stabilityai/stable-diffusion-xl-base-1.0/resolve/main/tokenizer_2/chat_template.jinja "HTTP/1.1 404 Not Found"
06/11/2026 01:43:34 - INFO - httpx - HTTP Request: HEAD https://huggingface.co/stabilityai/stable-diffusion-xl-base-1.0/resolve/main/text_encoder/config.json "HTTP/1.1 307 Temporary Redirect"
06/11/2026 01:43:34 - INFO - httpx - HTTP Request: HEAD https://huggingface.co/api/resolve-cache/models/stabilityai/stable-diffusion-xl-base-1.0/462165984030d82259a11f4367a4eed129e94a7b/text_encoder%2Fconfig.json "HTTP/1.1 200 OK"
06/11/2026 01:43:34 - INFO - httpx - HTTP Request: GET https://huggingface.co/api/resolve-cache/models/stabilityai/stable-diffusion-xl-base-1.0/462165984030d82259a11f4367a4eed129e94a7b/text_encoder%2Fconfig.json "HTTP/1.1 200 OK"
[transformers] You are using a model of type `clip_text_model` to instantiate a model of type ``. This may be expected if you are loading a checkpoint that shares a subset of the architecture (e.g., loading a `sam2_video` checkpoint into `Sam2Model`), but is otherwise not supported and can yield errors. Please verify that the checkpoint is compatible with the model you are instantiating.
06/11/2026 01:43:34 - INFO - httpx - HTTP Request: HEAD https://huggingface.co/stabilityai/stable-diffusion-xl-base-1.0/resolve/main/text_encoder_2/config.json "HTTP/1.1 307 Temporary Redirect"
06/11/2026 01:43:34 - INFO - httpx - HTTP Request: HEAD https://huggingface.co/api/resolve-cache/models/stabilityai/stable-diffusion-xl-base-1.0/462165984030d82259a11f4367a4eed129e94a7b/text_encoder_2%2Fconfig.json "HTTP/1.1 200 OK"
06/11/2026 01:43:34 - INFO - httpx - HTTP Request: GET https://huggingface.co/api/resolve-cache/models/stabilityai/stable-diffusion-xl-base-1.0/462165984030d82259a11f4367a4eed129e94a7b/text_encoder_2%2Fconfig.json "HTTP/1.1 200 OK"
[transformers] You are using a model of type `clip_text_model` to instantiate a model of type ``. This may be expected if you are loading a checkpoint that shares a subset of the architecture (e.g., loading a `sam2_video` checkpoint into `Sam2Model`), but is otherwise not supported and can yield errors. Please verify that the checkpoint is compatible with the model you are instantiating.
06/11/2026 01:43:34 - INFO - httpx - HTTP Request: HEAD https://huggingface.co/stabilityai/stable-diffusion-xl-base-1.0/resolve/main/model_index.json "HTTP/1.1 307 Temporary Redirect"
06/11/2026 01:43:34 - INFO - httpx - HTTP Request: HEAD https://huggingface.co/api/resolve-cache/models/stabilityai/stable-diffusion-xl-base-1.0/462165984030d82259a11f4367a4eed129e94a7b/model_index.json "HTTP/1.1 200 OK"
06/11/2026 01:43:34 - INFO - httpx - HTTP Request: GET https://huggingface.co/api/resolve-cache/models/stabilityai/stable-diffusion-xl-base-1.0/462165984030d82259a11f4367a4eed129e94a7b/model_index.json "HTTP/1.1 200 OK"
/usr/local/lib/python3.12/dist-packages/huggingface_hub/utils/_validators.py:205: UserWarning: The `local_dir_use_symlinks` argument is deprecated and ignored in `hf_hub_download`. Downloading to a local directory does not use symlinks anymore.
  warnings.warn(
06/11/2026 01:43:35 - INFO - httpx - HTTP Request: HEAD https://huggingface.co/stabilityai/stable-diffusion-xl-base-1.0/resolve/main/scheduler/scheduler_config.json "HTTP/1.1 307 Temporary Redirect"
06/11/2026 01:43:35 - INFO - httpx - HTTP Request: HEAD https://huggingface.co/api/resolve-cache/models/stabilityai/stable-diffusion-xl-base-1.0/462165984030d82259a11f4367a4eed129e94a7b/scheduler%2Fscheduler_config.json "HTTP/1.1 200 OK"
06/11/2026 01:43:35 - INFO - httpx - HTTP Request: GET https://huggingface.co/api/resolve-cache/models/stabilityai/stable-diffusion-xl-base-1.0/462165984030d82259a11f4367a4eed129e94a7b/scheduler%2Fscheduler_config.json "HTTP/1.1 200 OK"
{'rescale_betas_zero_snr', 'variance_type', 'clip_sample_range', 'thresholding', 'dynamic_thresholding_ratio'} was not found in config. Values will be initialized to default values.
06/11/2026 01:43:35 - INFO - httpx - HTTP Request: HEAD https://huggingface.co/stabilityai/stable-diffusion-xl-base-1.0/resolve/main/text_encoder/config.json "HTTP/1.1 307 Temporary Redirect"
06/11/2026 01:43:35 - INFO - httpx - HTTP Request: HEAD https://huggingface.co/api/resolve-cache/models/stabilityai/stable-diffusion-xl-base-1.0/462165984030d82259a11f4367a4eed129e94a7b/text_encoder%2Fconfig.json "HTTP/1.1 200 OK"
06/11/2026 01:43:35 - INFO - httpx - HTTP Request: HEAD https://huggingface.co/stabilityai/stable-diffusion-xl-base-1.0/resolve/main/text_encoder/adapter_config.json "HTTP/1.1 404 Not Found"
06/11/2026 01:43:35 - INFO - httpx - HTTP Request: HEAD https://huggingface.co/stabilityai/stable-diffusion-xl-base-1.0/resolve/main/text_encoder/config.json "HTTP/1.1 307 Temporary Redirect"
06/11/2026 01:43:35 - INFO - httpx - HTTP Request: HEAD https://huggingface.co/api/resolve-cache/models/stabilityai/stable-diffusion-xl-base-1.0/462165984030d82259a11f4367a4eed129e94a7b/text_encoder%2Fconfig.json "HTTP/1.1 200 OK"
06/11/2026 01:43:35 - INFO - httpx - HTTP Request: HEAD https://huggingface.co/stabilityai/stable-diffusion-xl-base-1.0/resolve/main/text_encoder/model.safetensors "HTTP/1.1 302 Found"
06/11/2026 01:43:35 - INFO - httpx - HTTP Request: GET https://huggingface.co/api/models/stabilityai/stable-diffusion-xl-base-1.0/xet-read-token/462165984030d82259a11f4367a4eed129e94a7b "HTTP/1.1 200 OK"

Loading weights:   0%|          | 0/196 [00:00<?, ?it/s]
Loading weights:   6%|▌         | 12/196 [00:00<00:01, 119.95it/s]
Loading weights:  97%|█████████▋| 190/196 [00:00<00:00, 1096.16it/s]
Loading weights: 100%|██████████| 196/196 [00:00<00:00, 973.52it/s] 
06/11/2026 01:43:42 - INFO - httpx - HTTP Request: HEAD https://huggingface.co/stabilityai/stable-diffusion-xl-base-1.0/resolve/main/text_encoder_2/config.json "HTTP/1.1 307 Temporary Redirect"
06/11/2026 01:43:42 - INFO - httpx - HTTP Request: HEAD https://huggingface.co/api/resolve-cache/models/stabilityai/stable-diffusion-xl-base-1.0/462165984030d82259a11f4367a4eed129e94a7b/text_encoder_2%2Fconfig.json "HTTP/1.1 200 OK"
06/11/2026 01:43:43 - INFO - httpx - HTTP Request: HEAD https://huggingface.co/stabilityai/stable-diffusion-xl-base-1.0/resolve/main/text_encoder_2/adapter_config.json "HTTP/1.1 404 Not Found"
06/11/2026 01:43:43 - INFO - httpx - HTTP Request: HEAD https://huggingface.co/stabilityai/stable-diffusion-xl-base-1.0/resolve/main/text_encoder_2/config.json "HTTP/1.1 307 Temporary Redirect"
06/11/2026 01:43:43 - INFO - httpx - HTTP Request: HEAD https://huggingface.co/api/resolve-cache/models/stabilityai/stable-diffusion-xl-base-1.0/462165984030d82259a11f4367a4eed129e94a7b/text_encoder_2%2Fconfig.json "HTTP/1.1 200 OK"
06/11/2026 01:43:43 - INFO - httpx - HTTP Request: HEAD https://huggingface.co/stabilityai/stable-diffusion-xl-base-1.0/resolve/main/text_encoder_2/model.safetensors "HTTP/1.1 302 Found"

Loading weights:   0%|          | 0/517 [00:00<?, ?it/s]
Loading weights:   0%|          | 2/517 [00:01<05:53,  1.46it/s]
Loading weights:  54%|█████▍    | 280/517 [00:01<00:00, 258.48it/s]
Loading weights:  81%|████████  | 417/517 [00:01<00:00, 315.76it/s]
Loading weights:  99%|█████████▉| 513/517 [00:02<00:00, 342.13it/s]
Loading weights: 100%|██████████| 517/517 [00:02<00:00, 256.71it/s]
06/11/2026 01:44:26 - INFO - httpx - HTTP Request: HEAD https://huggingface.co/stabilityai/stable-diffusion-xl-base-1.0/resolve/main/vae/config.json "HTTP/1.1 307 Temporary Redirect"
06/11/2026 01:44:26 - INFO - httpx - HTTP Request: HEAD https://huggingface.co/api/resolve-cache/models/stabilityai/stable-diffusion-xl-base-1.0/462165984030d82259a11f4367a4eed129e94a7b/vae%2Fconfig.json "HTTP/1.1 200 OK"
06/11/2026 01:44:26 - INFO - httpx - HTTP Request: GET https://huggingface.co/api/resolve-cache/models/stabilityai/stable-diffusion-xl-base-1.0/462165984030d82259a11f4367a4eed129e94a7b/vae%2Fconfig.json "HTTP/1.1 200 OK"
06/11/2026 01:44:26 - INFO - httpx - HTTP Request: HEAD https://huggingface.co/stabilityai/stable-diffusion-xl-base-1.0/resolve/462165984030d82259a11f4367a4eed129e94a7b/vae/diffusion_pytorch_model.safetensors.index.json "HTTP/1.1 404 Not Found"
06/11/2026 01:44:26 - INFO - httpx - HTTP Request: HEAD https://huggingface.co/stabilityai/stable-diffusion-xl-base-1.0/resolve/462165984030d82259a11f4367a4eed129e94a7b/vae/diffusion_pytorch_model.safetensors "HTTP/1.1 302 Found"
{'use_quant_conv', 'latents_std', 'mid_block_add_attention', 'use_post_quant_conv', 'latents_mean', 'shift_factor'} was not found in config. Values will be initialized to default values.
All model checkpoint weights were used when initializing AutoencoderKL.

All the weights of AutoencoderKL were initialized from the model checkpoint at stabilityai/stable-diffusion-xl-base-1.0.
If your task is similar to the task the model of the checkpoint was trained on, you can already use AutoencoderKL for predictions without further training.
06/11/2026 01:44:38 - INFO - httpx - HTTP Request: HEAD https://huggingface.co/stabilityai/stable-diffusion-xl-base-1.0/resolve/main/unet/config.json "HTTP/1.1 307 Temporary Redirect"
06/11/2026 01:44:38 - INFO - httpx - HTTP Request: HEAD https://huggingface.co/api/resolve-cache/models/stabilityai/stable-diffusion-xl-base-1.0/462165984030d82259a11f4367a4eed129e94a7b/unet%2Fconfig.json "HTTP/1.1 200 OK"
06/11/2026 01:44:38 - INFO - httpx - HTTP Request: GET https://huggingface.co/api/resolve-cache/models/stabilityai/stable-diffusion-xl-base-1.0/462165984030d82259a11f4367a4eed129e94a7b/unet%2Fconfig.json "HTTP/1.1 200 OK"
06/11/2026 01:44:38 - INFO - httpx - HTTP Request: HEAD https://huggingface.co/stabilityai/stable-diffusion-xl-base-1.0/resolve/462165984030d82259a11f4367a4eed129e94a7b/unet/diffusion_pytorch_model.safetensors.index.json "HTTP/1.1 404 Not Found"
06/11/2026 01:44:38 - INFO - httpx - HTTP Request: HEAD https://huggingface.co/stabilityai/stable-diffusion-xl-base-1.0/resolve/462165984030d82259a11f4367a4eed129e94a7b/unet/diffusion_pytorch_model.safetensors "HTTP/1.1 302 Found"
{'attention_type', 'dropout', 'reverse_transformer_layers_per_block'} was not found in config. Values will be initialized to default values.
All model checkpoint weights were used when initializing UNet2DConditionModel.

All the weights of UNet2DConditionModel were initialized from the model checkpoint at stabilityai/stable-diffusion-xl-base-1.0.
If your task is similar to the task the model of the checkpoint was trained on, you can already use UNet2DConditionModel for predictions without further training.
06/11/2026 01:51:12 - INFO - __main__ - [RANK 0] ***** Running training *****
06/11/2026 01:51:12 - INFO - __main__ - [RANK 0]   Num examples = 65
06/11/2026 01:51:12 - INFO - __main__ - [RANK 0]   Num batches each epoch = 65
06/11/2026 01:51:12 - INFO - __main__ - [RANK 0]   Num Epochs = 3
06/11/2026 01:51:12 - INFO - __main__ - [RANK 0]   Instantaneous batch size per device = 1
06/11/2026 01:51:12 - INFO - __main__ - [RANK 0]   Total train batch size (w. parallel, distributed & accumulation) = 4
06/11/2026 01:51:12 - INFO - __main__ - [RANK 0]   Gradient Accumulation steps = 4
06/11/2026 01:51:12 - INFO - __main__ - [RANK 0]   Total optimization steps = 50

Steps:   0%|          | 0/50 [00:00<?, ?it/s]
Steps:   0%|          | 0/50 [00:03<?, ?it/s, loss=0.179, lr=0.0001]
Steps:   0%|          | 0/50 [00:04<?, ?it/s, loss=0.25, lr=0.0001] 
Steps:   0%|          | 0/50 [00:06<?, ?it/s, loss=0.00502, lr=0.0001]
Steps:   2%|▏         | 1/50 [00:08<06:57,  8.51s/it, loss=0.00502, lr=0.0001]
Steps:   2%|▏         | 1/50 [00:08<06:57,  8.51s/it, loss=0.316, lr=0.0001]  
Steps:   2%|▏         | 1/50 [00:09<06:57,  8.51s/it, loss=0.0698, lr=0.0001]
Steps:   2%|▏         | 1/50 [00:11<06:57,  8.51s/it, loss=0.155, lr=0.0001] 
Steps:   2%|▏         | 1/50 [00:12<06:57,  8.51s/it, loss=0.0189, lr=0.0001]
Steps:   4%|▍         | 2/50 [00:14<05:24,  6.75s/it, loss=0.0189, lr=0.0001]
Steps:   4%|▍         | 2/50 [00:14<05:24,  6.75s/it, loss=0.212, lr=0.0001] 
Steps:   4%|▍         | 2/50 [00:15<05:24,  6.75s/it, loss=0.243, lr=0.0001]
Steps:   4%|▍         | 2/50 [00:17<05:24,  6.75s/it, loss=0.166, lr=0.0001]
Steps:   4%|▍         | 2/50 [00:20<05:24,  6.75s/it, loss=0.0238, lr=0.0001]
Steps:   6%|▌         | 3/50 [00:21<05:40,  7.25s/it, loss=0.0238, lr=0.0001]
Steps:   6%|▌         | 3/50 [00:21<05:40,  7.25s/it, loss=0.549, lr=0.0001] 
Steps:   6%|▌         | 3/50 [00:23<05:40,  7.25s/it, loss=0.29, lr=0.0001] 
Steps:   6%|▌         | 3/50 [00:24<05:40,  7.25s/it, loss=0.0135, lr=0.0001]
Steps:   6%|▌         | 3/50 [00:26<05:40,  7.25s/it, loss=0.749, lr=0.0001] 
Steps:   8%|▊         | 4/50 [00:27<05:04,  6.63s/it, loss=0.749, lr=0.0001]
Steps:   8%|▊         | 4/50 [00:27<05:04,  6.63s/it, loss=0.0517, lr=0.0001]
Steps:   8%|▊         | 4/50 [00:28<05:04,  6.63s/it, loss=0.0293, lr=0.0001]
Steps:   8%|▊         | 4/50 [00:30<05:04,  6.63s/it, loss=0.00808, lr=0.0001]
Steps:   8%|▊         | 4/50 [00:32<05:04,  6.63s/it, loss=0.0403, lr=0.0001] 
Steps:  10%|█         | 5/50 [00:33<04:52,  6.50s/it, loss=0.0403, lr=0.0001]
Steps:  10%|█         | 5/50 [00:33<04:52,  6.50s/it, loss=0.13, lr=0.0001]  
Steps:  10%|█         | 5/50 [00:35<04:52,  6.50s/it, loss=0.0145, lr=0.0001]
Steps:  10%|█         | 5/50 [00:37<04:52,  6.50s/it, loss=0.141, lr=0.0001] 
Steps:  10%|█         | 5/50 [00:38<04:52,  6.50s/it, loss=0.0521, lr=0.0001]
Steps:  12%|█▏        | 6/50 [00:40<04:41,  6.41s/it, loss=0.0521, lr=0.0001]
Steps:  12%|█▏        | 6/50 [00:40<04:41,  6.41s/it, loss=0.0604, lr=0.0001]
Steps:  12%|█▏        | 6/50 [00:41<04:41,  6.41s/it, loss=0.268, lr=0.0001] 
Steps:  12%|█▏        | 6/50 [00:42<04:41,  6.41s/it, loss=0.103, lr=0.0001]
Steps:  12%|█▏        | 6/50 [00:44<04:41,  6.41s/it, loss=0.0145, lr=0.0001]
Steps:  14%|█▍        | 7/50 [00:46<04:35,  6.41s/it, loss=0.0145, lr=0.0001]
Steps:  14%|█▍        | 7/50 [00:46<04:35,  6.41s/it, loss=0.312, lr=0.0001] 
Steps:  14%|█▍        | 7/50 [00:47<04:35,  6.41s/it, loss=0.28, lr=0.0001] 
Steps:  14%|█▍        | 7/50 [00:49<04:35,  6.41s/it, loss=0.00653, lr=0.0001]
Steps:  14%|█▍        | 7/50 [00:50<04:35,  6.41s/it, loss=0.184, lr=0.0001]  
Steps:  16%|█▌        | 8/50 [00:52<04:22,  6.26s/it, loss=0.184, lr=0.0001]
Steps:  16%|█▌        | 8/50 [00:52<04:22,  6.26s/it, loss=0.308, lr=0.0001]
Steps:  16%|█▌        | 8/50 [00:53<04:22,  6.26s/it, loss=0.145, lr=0.0001]
Steps:  16%|█▌        | 8/50 [00:55<04:22,  6.26s/it, loss=0.0277, lr=0.0001]
Steps:  16%|█▌        | 8/50 [00:57<04:22,  6.26s/it, loss=0.118, lr=0.0001] 
Steps:  18%|█▊        | 9/50 [00:59<04:24,  6.45s/it, loss=0.118, lr=0.0001]
Steps:  18%|█▊        | 9/50 [00:59<04:24,  6.45s/it, loss=0.0618, lr=0.0001]
Steps:  18%|█▊        | 9/50 [01:00<04:24,  6.45s/it, loss=0.0173, lr=0.0001]
Steps:  18%|█▊        | 9/50 [01:02<04:24,  6.45s/it, loss=0.168, lr=0.0001] 
Steps:  18%|█▊        | 9/50 [01:03<04:24,  6.45s/it, loss=0.00816, lr=0.0001]
Steps:  20%|██        | 10/50 [01:05<04:10,  6.26s/it, loss=0.00816, lr=0.0001]
Steps:  20%|██        | 10/50 [01:05<04:10,  6.26s/it, loss=0.353, lr=0.0001]  
Steps:  20%|██        | 10/50 [01:06<04:10,  6.26s/it, loss=0.199, lr=0.0001]
Steps:  20%|██        | 10/50 [01:08<04:10,  6.26s/it, loss=0.0115, lr=0.0001]
Steps:  20%|██        | 10/50 [01:10<04:10,  6.26s/it, loss=0.0656, lr=0.0001]
Steps:  22%|██▏       | 11/50 [01:11<04:06,  6.31s/it, loss=0.0656, lr=0.0001]
Steps:  22%|██▏       | 11/50 [01:11<04:06,  6.31s/it, loss=0.00634, lr=0.0001]
Steps:  22%|██▏       | 11/50 [01:12<04:06,  6.31s/it, loss=0.359, lr=0.0001]  
Steps:  22%|██▏       | 11/50 [01:14<04:06,  6.31s/it, loss=0.0455, lr=0.0001]
Steps:  22%|██▏       | 11/50 [01:16<04:06,  6.31s/it, loss=0.243, lr=0.0001] 
Steps:  24%|██▍       | 12/50 [01:17<03:58,  6.28s/it, loss=0.243, lr=0.0001]
Steps:  24%|██▍       | 12/50 [01:17<03:58,  6.28s/it, loss=0.276, lr=0.0001]
Steps:  24%|██▍       | 12/50 [01:19<03:58,  6.28s/it, loss=0.259, lr=0.0001]
Steps:  24%|██▍       | 12/50 [01:20<03:58,  6.28s/it, loss=0.0116, lr=0.0001]
Steps:  24%|██▍       | 12/50 [01:22<03:58,  6.28s/it, loss=0.148, lr=0.0001] 
Steps:  26%|██▌       | 13/50 [01:24<03:53,  6.32s/it, loss=0.148, lr=0.0001]
Steps:  26%|██▌       | 13/50 [01:24<03:53,  6.32s/it, loss=0.0509, lr=0.0001]
Steps:  26%|██▌       | 13/50 [01:25<03:53,  6.32s/it, loss=0.141, lr=0.0001] 
Steps:  26%|██▌       | 13/50 [01:27<03:53,  6.32s/it, loss=0.0166, lr=0.0001]
Steps:  26%|██▌       | 13/50 [01:28<03:53,  6.32s/it, loss=0.31, lr=0.0001]  
Steps:  28%|██▊       | 14/50 [01:30<03:42,  6.19s/it, loss=0.31, lr=0.0001]
Steps:  28%|██▊       | 14/50 [01:30<03:42,  6.19s/it, loss=0.193, lr=0.0001]
Steps:  28%|██▊       | 14/50 [01:31<03:42,  6.19s/it, loss=0.103, lr=0.0001]
Steps:  28%|██▊       | 14/50 [01:33<03:42,  6.19s/it, loss=0.121, lr=0.0001]
Steps:  28%|██▊       | 14/50 [01:35<03:42,  6.19s/it, loss=0.154, lr=0.0001]
Steps:  30%|███       | 15/50 [01:36<03:43,  6.40s/it, loss=0.154, lr=0.0001]06/11/2026 01:52:49 - INFO - accelerate.accelerator - [RANK 0] Saving current state to /content/dmc-tp3-gen-multimodal/diffusion_lora/training_output/checkpoint-15
Model weights saved in /content/dmc-tp3-gen-multimodal/diffusion_lora/training_output/checkpoint-15/pytorch_lora_weights.safetensors
06/11/2026 01:52:49 - INFO - accelerate.checkpointing - [RANK 0] Optimizer state saved in /content/dmc-tp3-gen-multimodal/diffusion_lora/training_output/checkpoint-15/optimizer.bin
06/11/2026 01:52:49 - INFO - accelerate.checkpointing - [RANK 0] Scheduler state saved in /content/dmc-tp3-gen-multimodal/diffusion_lora/training_output/checkpoint-15/scheduler.bin
06/11/2026 01:52:49 - INFO - accelerate.checkpointing - [RANK 0] Sampler state for dataloader 0 saved in /content/dmc-tp3-gen-multimodal/diffusion_lora/training_output/checkpoint-15/sampler.bin
06/11/2026 01:52:49 - INFO - accelerate.checkpointing - [RANK 0] Gradient scaler state saved in /content/dmc-tp3-gen-multimodal/diffusion_lora/training_output/checkpoint-15/scaler.pt
06/11/2026 01:52:49 - INFO - accelerate.checkpointing - [RANK 0] Random states saved in /content/dmc-tp3-gen-multimodal/diffusion_lora/training_output/checkpoint-15/random_states_0.pkl
06/11/2026 01:52:49 - INFO - __main__ - [RANK 0] Saved state to /content/dmc-tp3-gen-multimodal/diffusion_lora/training_output/checkpoint-15

Steps:  30%|███       | 15/50 [01:37<03:43,  6.40s/it, loss=0.215, lr=0.0001]
Steps:  30%|███       | 15/50 [01:39<03:43,  6.40s/it, loss=0.32, lr=0.0001] 
Steps:  30%|███       | 15/50 [01:40<03:43,  6.40s/it, loss=0.00978, lr=0.0001]
Steps:  30%|███       | 15/50 [01:41<03:43,  6.40s/it, loss=0.0134, lr=0.0001] 
Steps:  32%|███▏      | 16/50 [01:43<03:38,  6.43s/it, loss=0.0134, lr=0.0001]
Steps:  32%|███▏      | 16/50 [01:43<03:38,  6.43s/it, loss=0.245, lr=0.0001] 
Steps:  34%|███▍      | 17/50 [01:45<02:45,  5.01s/it, loss=0.245, lr=0.0001]
Steps:  34%|███▍      | 17/50 [01:45<02:45,  5.01s/it, loss=0.205, lr=0.0001]
Steps:  34%|███▍      | 17/50 [01:46<02:45,  5.01s/it, loss=0.00942, lr=0.0001]
Steps:  34%|███▍      | 17/50 [01:48<02:45,  5.01s/it, loss=0.269, lr=0.0001]  
Steps:  34%|███▍      | 17/50 [01:49<02:45,  5.01s/it, loss=0.11, lr=0.0001] 
Steps:  36%|███▌      | 18/50 [01:51<02:55,  5.49s/it, loss=0.11, lr=0.0001]
Steps:  36%|███▌      | 18/50 [01:51<02:55,  5.49s/it, loss=0.0073, lr=0.0001]
Steps:  36%|███▌      | 18/50 [01:53<02:55,  5.49s/it, loss=0.00601, lr=0.0001]
Steps:  36%|███▌      | 18/50 [01:54<02:55,  5.49s/it, loss=0.313, lr=0.0001]  
Steps:  36%|███▌      | 18/50 [01:56<02:55,  5.49s/it, loss=0.0086, lr=0.0001]
Steps:  38%|███▊      | 19/50 [01:57<02:56,  5.70s/it, loss=0.0086, lr=0.0001]
Steps:  38%|███▊      | 19/50 [01:57<02:56,  5.70s/it, loss=0.208, lr=0.0001] 
Steps:  38%|███▊      | 19/50 [01:59<02:56,  5.70s/it, loss=0.00807, lr=0.0001]
Steps:  38%|███▊      | 19/50 [02:01<02:56,  5.70s/it, loss=0.0269, lr=0.0001] 
Steps:  38%|███▊      | 19/50 [02:02<02:56,  5.70s/it, loss=0.351, lr=0.0001] 
Steps:  40%|████      | 20/50 [02:04<02:54,  5.82s/it, loss=0.351, lr=0.0001]
Steps:  40%|████      | 20/50 [02:04<02:54,  5.82s/it, loss=0.181, lr=0.0001]
Steps:  40%|████      | 20/50 [02:05<02:54,  5.82s/it, loss=0.279, lr=0.0001]
Steps:  40%|████      | 20/50 [02:06<02:54,  5.82s/it, loss=0.306, lr=0.0001]
Steps:  40%|████      | 20/50 [02:08<02:54,  5.82s/it, loss=0.195, lr=0.0001]
Steps:  42%|████▏     | 21/50 [02:10<02:57,  6.11s/it, loss=0.195, lr=0.0001]
Steps:  42%|████▏     | 21/50 [02:10<02:57,  6.11s/it, loss=0.249, lr=0.0001]
Steps:  42%|████▏     | 21/50 [02:12<02:57,  6.11s/it, loss=0.114, lr=0.0001]
Steps:  42%|████▏     | 21/50 [02:13<02:57,  6.11s/it, loss=0.293, lr=0.0001]
Steps:  42%|████▏     | 21/50 [02:15<02:57,  6.11s/it, loss=0.0175, lr=0.0001]
Steps:  44%|████▍     | 22/50 [02:16<02:48,  6.03s/it, loss=0.0175, lr=0.0001]
Steps:  44%|████▍     | 22/50 [02:16<02:48,  6.03s/it, loss=0.324, lr=0.0001] 
Steps:  44%|████▍     | 22/50 [02:18<02:48,  6.03s/it, loss=0.0311, lr=0.0001]
Steps:  44%|████▍     | 22/50 [02:19<02:48,  6.03s/it, loss=0.0335, lr=0.0001]
Steps:  44%|████▍     | 22/50 [02:21<02:48,  6.03s/it, loss=0.224, lr=0.0001] 
Steps:  46%|████▌     | 23/50 [02:22<02:44,  6.10s/it, loss=0.224, lr=0.0001]
Steps:  46%|████▌     | 23/50 [02:22<02:44,  6.10s/it, loss=0.241, lr=0.0001]
Steps:  46%|████▌     | 23/50 [02:24<02:44,  6.10s/it, loss=0.132, lr=0.0001]
Steps:  46%|████▌     | 23/50 [02:25<02:44,  6.10s/it, loss=0.317, lr=0.0001]
Steps:  46%|████▌     | 23/50 [02:27<02:44,  6.10s/it, loss=0.305, lr=0.0001]
Steps:  48%|████▊     | 24/50 [02:29<02:39,  6.13s/it, loss=0.305, lr=0.0001]
Steps:  48%|████▊     | 24/50 [02:29<02:39,  6.13s/it, loss=0.0172, lr=0.0001]
Steps:  48%|████▊     | 24/50 [02:30<02:39,  6.13s/it, loss=0.318, lr=0.0001] 
Steps:  48%|████▊     | 24/50 [02:32<02:39,  6.13s/it, loss=0.00351, lr=0.0001]
Steps:  48%|████▊     | 24/50 [02:33<02:39,  6.13s/it, loss=0.126, lr=0.0001]  
Steps:  50%|█████     | 25/50 [02:35<02:35,  6.21s/it, loss=0.126, lr=0.0001]
Steps:  50%|█████     | 25/50 [02:35<02:35,  6.21s/it, loss=0.245, lr=0.0001]
Steps:  50%|█████     | 25/50 [02:36<02:35,  6.21s/it, loss=0.309, lr=0.0001]
Steps:  50%|█████     | 25/50 [02:38<02:35,  6.21s/it, loss=0.00561, lr=0.0001]
Steps:  50%|█████     | 25/50 [02:39<02:35,  6.21s/it, loss=0.351, lr=0.0001]  
Steps:  52%|█████▏    | 26/50 [02:41<02:26,  6.09s/it, loss=0.351, lr=0.0001]
Steps:  52%|█████▏    | 26/50 [02:41<02:26,  6.09s/it, loss=0.0584, lr=0.0001]
Steps:  52%|█████▏    | 26/50 [02:42<02:26,  6.09s/it, loss=0.0839, lr=0.0001]
Steps:  52%|█████▏    | 26/50 [02:44<02:26,  6.09s/it, loss=0.0294, lr=0.0001]
Steps:  52%|█████▏    | 26/50 [02:45<02:26,  6.09s/it, loss=0.186, lr=0.0001] 
Steps:  54%|█████▍    | 27/50 [02:48<02:24,  6.29s/it, loss=0.186, lr=0.0001]
Steps:  54%|█████▍    | 27/50 [02:48<02:24,  6.29s/it, loss=0.113, lr=0.0001]
Steps:  54%|█████▍    | 27/50 [02:49<02:24,  6.29s/it, loss=0.549, lr=0.0001]
Steps:  54%|█████▍    | 27/50 [02:50<02:24,  6.29s/it, loss=0.0323, lr=0.0001]
Steps:  54%|█████▍    | 27/50 [02:52<02:24,  6.29s/it, loss=0.0155, lr=0.0001]
Steps:  56%|█████▌    | 28/50 [02:53<02:15,  6.16s/it, loss=0.0155, lr=0.0001]
Steps:  56%|█████▌    | 28/50 [02:53<02:15,  6.16s/it, loss=0.0222, lr=0.0001]
Steps:  56%|█████▌    | 28/50 [02:55<02:15,  6.16s/it, loss=0.373, lr=0.0001] 
Steps:  56%|█████▌    | 28/50 [02:56<02:15,  6.16s/it, loss=0.0129, lr=0.0001]
Steps:  56%|█████▌    | 28/50 [02:58<02:15,  6.16s/it, loss=0.23, lr=0.0001]  
Steps:  58%|█████▊    | 29/50 [03:00<02:10,  6.22s/it, loss=0.23, lr=0.0001]
Steps:  58%|█████▊    | 29/50 [03:00<02:10,  6.22s/it, loss=0.00979, lr=0.0001]
Steps:  58%|█████▊    | 29/50 [03:01<02:10,  6.22s/it, loss=0.00772, lr=0.0001]
Steps:  58%|█████▊    | 29/50 [03:03<02:10,  6.22s/it, loss=0.0698, lr=0.0001] 
Steps:  58%|█████▊    | 29/50 [03:04<02:10,  6.22s/it, loss=0.23, lr=0.0001]  
Steps:  60%|██████    | 30/50 [03:06<02:04,  6.24s/it, loss=0.23, lr=0.0001]06/11/2026 01:54:18 - INFO - accelerate.accelerator - [RANK 0] Saving current state to /content/dmc-tp3-gen-multimodal/diffusion_lora/training_output/checkpoint-30
Model weights saved in /content/dmc-tp3-gen-multimodal/diffusion_lora/training_output/checkpoint-30/pytorch_lora_weights.safetensors
06/11/2026 01:54:19 - INFO - accelerate.checkpointing - [RANK 0] Optimizer state saved in /content/dmc-tp3-gen-multimodal/diffusion_lora/training_output/checkpoint-30/optimizer.bin
06/11/2026 01:54:19 - INFO - accelerate.checkpointing - [RANK 0] Scheduler state saved in /content/dmc-tp3-gen-multimodal/diffusion_lora/training_output/checkpoint-30/scheduler.bin
06/11/2026 01:54:19 - INFO - accelerate.checkpointing - [RANK 0] Sampler state for dataloader 0 saved in /content/dmc-tp3-gen-multimodal/diffusion_lora/training_output/checkpoint-30/sampler.bin
06/11/2026 01:54:19 - INFO - accelerate.checkpointing - [RANK 0] Gradient scaler state saved in /content/dmc-tp3-gen-multimodal/diffusion_lora/training_output/checkpoint-30/scaler.pt
06/11/2026 01:54:19 - INFO - accelerate.checkpointing - [RANK 0] Random states saved in /content/dmc-tp3-gen-multimodal/diffusion_lora/training_output/checkpoint-30/random_states_0.pkl
06/11/2026 01:54:19 - INFO - __main__ - [RANK 0] Saved state to /content/dmc-tp3-gen-multimodal/diffusion_lora/training_output/checkpoint-30

Steps:  60%|██████    | 30/50 [03:07<02:04,  6.24s/it, loss=0.0744, lr=0.0001]
Steps:  60%|██████    | 30/50 [03:08<02:04,  6.24s/it, loss=0.246, lr=0.0001] 
Steps:  60%|██████    | 30/50 [03:10<02:04,  6.24s/it, loss=0.00515, lr=0.0001]
Steps:  60%|██████    | 30/50 [03:12<02:04,  6.24s/it, loss=0.254, lr=0.0001]  
Steps:  62%|██████▏   | 31/50 [03:13<02:03,  6.48s/it, loss=0.254, lr=0.0001]
Steps:  62%|██████▏   | 31/50 [03:13<02:03,  6.48s/it, loss=0.0683, lr=0.0001]
Steps:  62%|██████▏   | 31/50 [03:15<02:03,  6.48s/it, loss=0.269, lr=0.0001] 
Steps:  62%|██████▏   | 31/50 [03:16<02:03,  6.48s/it, loss=0.0105, lr=0.0001]
Steps:  62%|██████▏   | 31/50 [03:17<02:03,  6.48s/it, loss=0.0281, lr=0.0001]
Steps:  64%|██████▍   | 32/50 [03:19<01:52,  6.26s/it, loss=0.0281, lr=0.0001]
Steps:  64%|██████▍   | 32/50 [03:19<01:52,  6.26s/it, loss=0.0485, lr=0.0001]
Steps:  64%|██████▍   | 32/50 [03:20<01:52,  6.26s/it, loss=0.325, lr=0.0001] 
Steps:  64%|██████▍   | 32/50 [03:22<01:52,  6.26s/it, loss=0.122, lr=0.0001]
Steps:  64%|██████▍   | 32/50 [03:24<01:52,  6.26s/it, loss=0.249, lr=0.0001]
Steps:  66%|██████▌   | 33/50 [03:26<01:49,  6.44s/it, loss=0.249, lr=0.0001]
Steps:  66%|██████▌   | 33/50 [03:26<01:49,  6.44s/it, loss=0.0449, lr=0.0001]
Steps:  68%|██████▊   | 34/50 [03:27<01:19,  4.94s/it, loss=0.0449, lr=0.0001]
Steps:  68%|██████▊   | 34/50 [03:27<01:19,  4.94s/it, loss=0.102, lr=0.0001] 
Steps:  68%|██████▊   | 34/50 [03:29<01:19,  4.94s/it, loss=0.00847, lr=0.0001]
Steps:  68%|██████▊   | 34/50 [03:30<01:19,  4.94s/it, loss=0.048, lr=0.0001]  
Steps:  68%|██████▊   | 34/50 [03:32<01:19,  4.94s/it, loss=0.322, lr=0.0001]
Steps:  70%|███████   | 35/50 [03:33<01:18,  5.23s/it, loss=0.322, lr=0.0001]
Steps:  70%|███████   | 35/50 [03:33<01:18,  5.23s/it, loss=0.0126, lr=0.0001]
Steps:  70%|███████   | 35/50 [03:35<01:18,  5.23s/it, loss=0.012, lr=0.0001] 
Steps:  70%|███████   | 35/50 [03:37<01:18,  5.23s/it, loss=0.0547, lr=0.0001]
Steps:  70%|███████   | 35/50 [03:38<01:18,  5.23s/it, loss=0.212, lr=0.0001] 
Steps:  72%|███████▏  | 36/50 [03:39<01:18,  5.58s/it, loss=0.212, lr=0.0001]
Steps:  72%|███████▏  | 36/50 [03:39<01:18,  5.58s/it, loss=0.117, lr=0.0001]
Steps:  72%|███████▏  | 36/50 [03:41<01:18,  5.58s/it, loss=0.136, lr=0.0001]
Steps:  72%|███████▏  | 36/50 [03:43<01:18,  5.58s/it, loss=0.25, lr=0.0001] 
Steps:  72%|███████▏  | 36/50 [03:45<01:18,  5.58s/it, loss=0.0672, lr=0.0001]
Steps:  74%|███████▍  | 37/50 [03:50<01:30,  6.96s/it, loss=0.0672, lr=0.0001]
Steps:  74%|███████▍  | 37/50 [03:50<01:30,  6.96s/it, loss=0.214, lr=0.0001] 
Steps:  74%|███████▍  | 37/50 [03:52<01:30,  6.96s/it, loss=0.109, lr=0.0001]
Steps:  74%|███████▍  | 37/50 [03:54<01:30,  6.96s/it, loss=0.181, lr=0.0001]
Steps:  74%|███████▍  | 37/50 [03:55<01:30,  6.96s/it, loss=0.0916, lr=0.0001]
Steps:  76%|███████▌  | 38/50 [03:57<01:24,  7.05s/it, loss=0.0916, lr=0.0001]
Steps:  76%|███████▌  | 38/50 [03:57<01:24,  7.05s/it, loss=0.331, lr=0.0001] 
Steps:  76%|███████▌  | 38/50 [03:58<01:24,  7.05s/it, loss=0.101, lr=0.0001]
Steps:  76%|███████▌  | 38/50 [04:00<01:24,  7.05s/it, loss=0.184, lr=0.0001]
Steps:  76%|███████▌  | 38/50 [04:02<01:24,  7.05s/it, loss=0.0619, lr=0.0001]
Steps:  78%|███████▊  | 39/50 [04:03<01:15,  6.88s/it, loss=0.0619, lr=0.0001]
Steps:  78%|███████▊  | 39/50 [04:03<01:15,  6.88s/it, loss=0.0175, lr=0.0001]
Steps:  78%|███████▊  | 39/50 [04:05<01:15,  6.88s/it, loss=0.196, lr=0.0001] 
Steps:  78%|███████▊  | 39/50 [04:06<01:15,  6.88s/it, loss=0.0568, lr=0.0001]
Steps:  78%|███████▊  | 39/50 [04:08<01:15,  6.88s/it, loss=0.281, lr=0.0001] 
Steps:  80%|████████  | 40/50 [04:10<01:07,  6.71s/it, loss=0.281, lr=0.0001]
Steps:  80%|████████  | 40/50 [04:10<01:07,  6.71s/it, loss=0.297, lr=0.0001]
Steps:  80%|████████  | 40/50 [04:11<01:07,  6.71s/it, loss=0.0673, lr=0.0001]
Steps:  80%|████████  | 40/50 [04:13<01:07,  6.71s/it, loss=0.222, lr=0.0001] 
Steps:  80%|████████  | 40/50 [04:14<01:07,  6.71s/it, loss=0.286, lr=0.0001]
Steps:  82%|████████▏ | 41/50 [04:16<00:59,  6.58s/it, loss=0.286, lr=0.0001]
Steps:  82%|████████▏ | 41/50 [04:16<00:59,  6.58s/it, loss=0.0473, lr=0.0001]
Steps:  82%|████████▏ | 41/50 [04:17<00:59,  6.58s/it, loss=0.181, lr=0.0001] 
Steps:  82%|████████▏ | 41/50 [04:19<00:59,  6.58s/it, loss=0.00621, lr=0.0001]
Steps:  82%|████████▏ | 41/50 [04:21<00:59,  6.58s/it, loss=0.11, lr=0.0001]   
Steps:  84%|████████▍ | 42/50 [04:22<00:51,  6.42s/it, loss=0.11, lr=0.0001]
Steps:  84%|████████▍ | 42/50 [04:22<00:51,  6.42s/it, loss=0.151, lr=0.0001]
Steps:  84%|████████▍ | 42/50 [04:23<00:51,  6.42s/it, loss=0.232, lr=0.0001]
Steps:  84%|████████▍ | 42/50 [04:27<00:51,  6.42s/it, loss=0.0202, lr=0.0001]
Steps:  84%|████████▍ | 42/50 [04:29<00:51,  6.42s/it, loss=0.326, lr=0.0001] 
Steps:  86%|████████▌ | 43/50 [04:31<00:50,  7.14s/it, loss=0.326, lr=0.0001]
Steps:  86%|████████▌ | 43/50 [04:31<00:50,  7.14s/it, loss=0.25, lr=0.0001] 
Steps:  86%|████████▌ | 43/50 [04:32<00:50,  7.14s/it, loss=0.0108, lr=0.0001]
Steps:  86%|████████▌ | 43/50 [04:34<00:50,  7.14s/it, loss=0.295, lr=0.0001] 
Steps:  86%|████████▌ | 43/50 [04:35<00:50,  7.14s/it, loss=0.139, lr=0.0001]
Steps:  88%|████████▊ | 44/50 [04:37<00:40,  6.78s/it, loss=0.139, lr=0.0001]
Steps:  88%|████████▊ | 44/50 [04:37<00:40,  6.78s/it, loss=0.32, lr=0.0001] 
Steps:  88%|████████▊ | 44/50 [04:39<00:40,  6.78s/it, loss=0.3, lr=0.0001] 
Steps:  88%|████████▊ | 44/50 [04:40<00:40,  6.78s/it, loss=0.321, lr=0.0001]
Steps:  88%|████████▊ | 44/50 [04:42<00:40,  6.78s/it, loss=0.0282, lr=0.0001]
Steps:  90%|█████████ | 45/50 [04:43<00:33,  6.66s/it, loss=0.0282, lr=0.0001]06/11/2026 01:55:55 - INFO - accelerate.accelerator - [RANK 0] Saving current state to /content/dmc-tp3-gen-multimodal/diffusion_lora/training_output/checkpoint-45
Model weights saved in /content/dmc-tp3-gen-multimodal/diffusion_lora/training_output/checkpoint-45/pytorch_lora_weights.safetensors
06/11/2026 01:55:56 - INFO - accelerate.checkpointing - [RANK 0] Optimizer state saved in /content/dmc-tp3-gen-multimodal/diffusion_lora/training_output/checkpoint-45/optimizer.bin
06/11/2026 01:55:56 - INFO - accelerate.checkpointing - [RANK 0] Scheduler state saved in /content/dmc-tp3-gen-multimodal/diffusion_lora/training_output/checkpoint-45/scheduler.bin
06/11/2026 01:55:56 - INFO - accelerate.checkpointing - [RANK 0] Sampler state for dataloader 0 saved in /content/dmc-tp3-gen-multimodal/diffusion_lora/training_output/checkpoint-45/sampler.bin
06/11/2026 01:55:56 - INFO - accelerate.checkpointing - [RANK 0] Gradient scaler state saved in /content/dmc-tp3-gen-multimodal/diffusion_lora/training_output/checkpoint-45/scaler.pt
06/11/2026 01:55:56 - INFO - accelerate.checkpointing - [RANK 0] Random states saved in /content/dmc-tp3-gen-multimodal/diffusion_lora/training_output/checkpoint-45/random_states_0.pkl
06/11/2026 01:55:56 - INFO - __main__ - [RANK 0] Saved state to /content/dmc-tp3-gen-multimodal/diffusion_lora/training_output/checkpoint-45

Steps:  90%|█████████ | 45/50 [04:44<00:33,  6.66s/it, loss=0.0467, lr=0.0001]
Steps:  90%|█████████ | 45/50 [04:45<00:33,  6.66s/it, loss=0.264, lr=0.0001] 
Steps:  90%|█████████ | 45/50 [04:47<00:33,  6.66s/it, loss=0.307, lr=0.0001]
Steps:  90%|█████████ | 45/50 [04:49<00:33,  6.66s/it, loss=0.00994, lr=0.0001]
Steps:  92%|█████████▏| 46/50 [04:50<00:27,  6.85s/it, loss=0.00994, lr=0.0001]
Steps:  92%|█████████▏| 46/50 [04:50<00:27,  6.85s/it, loss=0.0122, lr=0.0001] 
Steps:  92%|█████████▏| 46/50 [04:52<00:27,  6.85s/it, loss=0.113, lr=0.0001] 
Steps:  92%|█████████▏| 46/50 [04:53<00:27,  6.85s/it, loss=0.24, lr=0.0001] 
Steps:  92%|█████████▏| 46/50 [04:55<00:27,  6.85s/it, loss=0.279, lr=0.0001]
Steps:  94%|█████████▍| 47/50 [04:56<00:19,  6.55s/it, loss=0.279, lr=0.0001]
Steps:  94%|█████████▍| 47/50 [04:56<00:19,  6.55s/it, loss=0.259, lr=0.0001]
Steps:  94%|█████████▍| 47/50 [04:58<00:19,  6.55s/it, loss=0.0787, lr=0.0001]
Steps:  94%|█████████▍| 47/50 [04:59<00:19,  6.55s/it, loss=0.15, lr=0.0001]  
Steps:  94%|█████████▍| 47/50 [05:01<00:19,  6.55s/it, loss=0.299, lr=0.0001]
Steps:  96%|█████████▌| 48/50 [05:03<00:12,  6.45s/it, loss=0.299, lr=0.0001]
Steps:  96%|█████████▌| 48/50 [05:03<00:12,  6.45s/it, loss=0.0239, lr=0.0001]
Steps:  96%|█████████▌| 48/50 [05:04<00:12,  6.45s/it, loss=0.216, lr=0.0001] 
Steps:  96%|█████████▌| 48/50 [05:06<00:12,  6.45s/it, loss=0.0133, lr=0.0001]
Steps:  96%|█████████▌| 48/50 [05:08<00:12,  6.45s/it, loss=0.00913, lr=0.0001]
Steps:  98%|█████████▊| 49/50 [05:09<00:06,  6.45s/it, loss=0.00913, lr=0.0001]
Steps:  98%|█████████▊| 49/50 [05:09<00:06,  6.45s/it, loss=0.00461, lr=0.0001]
Steps:  98%|█████████▊| 49/50 [05:10<00:06,  6.45s/it, loss=0.277, lr=0.0001]  
Steps:  98%|█████████▊| 49/50 [05:12<00:06,  6.45s/it, loss=0.0635, lr=0.0001]
Steps:  98%|█████████▊| 49/50 [05:13<00:06,  6.45s/it, loss=0.037, lr=0.0001] 
Steps: 100%|██████████| 50/50 [05:15<00:00,  6.38s/it, loss=0.037, lr=0.0001]
Steps: 100%|██████████| 50/50 [05:15<00:00,  6.38s/it, loss=0.305, lr=0.0001]Model weights saved in /content/dmc-tp3-gen-multimodal/diffusion_lora/training_output/pytorch_lora_weights.safetensors
/usr/local/lib/python3.12/dist-packages/huggingface_hub/utils/_validators.py:205: UserWarning: The `local_dir_use_symlinks` argument is deprecated and ignored in `hf_hub_download`. Downloading to a local directory does not use symlinks anymore.
  warnings.warn(
06/11/2026 01:56:28 - INFO - httpx - HTTP Request: HEAD https://huggingface.co/stabilityai/stable-diffusion-xl-base-1.0/resolve/main/vae/config.json "HTTP/1.1 307 Temporary Redirect"
06/11/2026 01:56:28 - INFO - httpx - HTTP Request: HEAD https://huggingface.co/api/resolve-cache/models/stabilityai/stable-diffusion-xl-base-1.0/462165984030d82259a11f4367a4eed129e94a7b/vae%2Fconfig.json "HTTP/1.1 200 OK"
06/11/2026 01:56:28 - INFO - httpx - HTTP Request: HEAD https://huggingface.co/stabilityai/stable-diffusion-xl-base-1.0/resolve/462165984030d82259a11f4367a4eed129e94a7b/vae/diffusion_pytorch_model.safetensors.index.json "HTTP/1.1 404 Not Found"
Instantiating AutoencoderKL model under default dtype torch.float16.
{'use_quant_conv', 'latents_std', 'mid_block_add_attention', 'use_post_quant_conv', 'latents_mean', 'shift_factor'} was not found in config. Values will be initialized to default values.
All model checkpoint weights were used when initializing AutoencoderKL.

All the weights of AutoencoderKL were initialized from the model checkpoint at stabilityai/stable-diffusion-xl-base-1.0.
If your task is similar to the task the model of the checkpoint was trained on, you can already use AutoencoderKL for predictions without further training.
06/11/2026 01:56:30 - INFO - httpx - HTTP Request: GET https://huggingface.co/api/models/stabilityai/stable-diffusion-xl-base-1.0 "HTTP/1.1 200 OK"
06/11/2026 01:56:30 - INFO - httpx - HTTP Request: HEAD https://huggingface.co/stabilityai/stable-diffusion-xl-base-1.0/resolve/main/model_index.json "HTTP/1.1 307 Temporary Redirect"
06/11/2026 01:56:30 - INFO - httpx - HTTP Request: HEAD https://huggingface.co/api/resolve-cache/models/stabilityai/stable-diffusion-xl-base-1.0/462165984030d82259a11f4367a4eed129e94a7b/model_index.json "HTTP/1.1 200 OK"
06/11/2026 01:56:30 - INFO - httpx - HTTP Request: GET https://huggingface.co/api/models/stabilityai/stable-diffusion-xl-base-1.0/revision/main "HTTP/1.1 200 OK"


Fetching 17 files:   0%|          | 0/17 [00:00<?, ?it/s][A06/11/2026 01:56:30 - INFO - httpx - HTTP Request: HEAD https://huggingface.co/stabilityai/stable-diffusion-xl-base-1.0/resolve/462165984030d82259a11f4367a4eed129e94a7b/vae_1_0/diffusion_pytorch_model.safetensors "HTTP/1.1 302 Found"


Fetching 17 files: 100%|██████████| 17/17 [00:03<00:00,  4.99it/s][A
Fetching 17 files: 100%|██████████| 17/17 [00:03<00:00,  4.99it/s]
{'feature_extractor', 'image_encoder'} was not found in config. Values will be initialized to default values.


Loading pipeline components...:   0%|          | 0/7 [00:00<?, ?it/s][A

Loading pipeline components...:  14%|█▍        | 1/7 [00:01<00:09,  1.51s/it][A{'sigma_max', 'rescale_betas_zero_snr', 'timestep_type', 'final_sigmas_type', 'use_exponential_sigmas', 'use_beta_sigmas', 'sigma_min'} was not found in config. Values will be initialized to default values.
Loaded scheduler as EulerDiscreteScheduler from `scheduler` subfolder of stabilityai/stable-diffusion-xl-base-1.0.
Instantiating UNet2DConditionModel model under default dtype torch.float16.
{'attention_type', 'dropout', 'reverse_transformer_layers_per_block'} was not found in config. Values will be initialized to default values.
All model checkpoint weights were used when initializing UNet2DConditionModel.

All the weights of UNet2DConditionModel were initialized from the model checkpoint at /root/.cache/huggingface/hub/models--stabilityai--stable-diffusion-xl-base-1.0/snapshots/462165984030d82259a11f4367a4eed129e94a7b/unet.
If your task is similar to the task the model of the checkpoint was trained on, you can already use UNet2DConditionModel for predictions without further training.
Loaded unet as UNet2DConditionModel from `unet` subfolder of stabilityai/stable-diffusion-xl-base-1.0.


Loading pipeline components...:  43%|████▎     | 3/7 [00:50<01:14, 18.63s/it][A


Loading weights:   0%|          | 0/196 [00:00<?, ?it/s][A[A


Loading weights:   1%|          | 2/196 [00:01<01:50,  1.75it/s][A[A


Loading weights:  53%|█████▎    | 104/196 [00:01<00:00, 109.52it/s][A[A


Loading weights:  74%|███████▍  | 146/196 [00:01<00:00, 121.53it/s][A[A


Loading weights:  90%|████████▉ | 176/196 [00:01<00:00, 125.08it/s][A[A
Loading weights: 100%|██████████| 196/196 [00:01<00:00, 103.48it/s]
Loaded text_encoder as CLIPTextModel from `text_encoder` subfolder of stabilityai/stable-diffusion-xl-base-1.0.


Loading pipeline components...:  57%|█████▋    | 4/7 [00:52<00:38, 12.94s/it][ALoaded tokenizer as CLIPTokenizer from `tokenizer` subfolder of stabilityai/stable-diffusion-xl-base-1.0.


Loading pipeline components...:  71%|███████▏  | 5/7 [00:53<00:17,  8.71s/it][A


Loading weights:   0%|          | 0/517 [00:00<?, ?it/s][A[A


Loading weights:   0%|          | 2/517 [00:02<11:53,  1.39s/it][A[A


Loading weights:   1%|          | 3/517 [00:03<07:48,  1.10it/s][A[A


Loading weights:   1%|          | 4/517 [00:03<05:26,  1.57it/s][A[A


Loading weights:   1%|          | 5/517 [00:03<04:25,  1.93it/s][A[A


Loading weights:   1%|          | 6/517 [00:04<05:22,  1.58it/s][A[A


Loading weights:   1%|▏         | 7/517 [00:05<06:15,  1.36it/s][A[A


Loading weights:   2%|▏         | 8/517 [00:05<04:40,  1.81it/s][A[A


Loading weights:   2%|▏         | 9/517 [00:05<03:45,  2.26it/s][A[A


Loading weights:   2%|▏         | 10/517 [00:06<04:39,  1.81it/s][A[A


Loading weights:   2%|▏         | 11/517 [00:07<05:02,  1.67it/s][A[A


Loading weights:   2%|▏         | 12/517 [00:10<12:24,  1.47s/it][A[A


Loading weights:   3%|▎         | 13/517 [00:14<17:45,  2.11s/it][A[A


Loading weights:   3%|▎         | 14/517 [00:34<1:04:11,  7.66s/it][A[A


Loading weights:   3%|▎         | 15/517 [00:36<48:22,  5.78s/it]  [A[A


Loading weights:   3%|▎         | 16/517 [00:36<34:54,  4.18s/it][A[A


Loading weights:   3%|▎         | 17/517 [00:36<25:02,  3.01s/it][A[A


Loading weights:   3%|▎         | 18/517 [00:37<18:01,  2.17s/it][A[A


Loading weights:   4%|▎         | 19/517 [00:37<13:04,  1.58s/it][A[A


Loading weights:   4%|▍         | 20/517 [00:38<13:08,  1.59s/it][A[ATraceback (most recent call last):
  File "/usr/local/bin/accelerate", line 10, in <module>
    sys.exit(main())
             ^^^^^^
  File "/usr/local/lib/python3.12/dist-packages/accelerate/commands/accelerate_cli.py", line 50, in main
    args.func(args)
  File "/usr/local/lib/python3.12/dist-packages/accelerate/commands/launch.py", line 1405, in launch_command
    simple_launcher(args)
  File "/usr/local/lib/python3.12/dist-packages/accelerate/commands/launch.py", line 993, in simple_launcher
    raise subprocess.CalledProcessError(returncode=process.returncode, cmd=cmd)
subprocess.CalledProcessError: Command '['/usr/bin/python3', '/content/dmc-tp3-gen-multimodal/diffusion_lora/train_dreambooth_lora_sdxl.py', '--pretrained_model_name_or_path=stabilityai/stable-diffusion-xl-base-1.0', '--instance_data_dir=/content/dmc-tp3-gen-multimodal/diffusion_lora/prepared_dataset', '--output_dir=/content/dmc-tp3-gen-multimodal/diffusion_lora/training_output', '--instance_prompt=AUTOESPAR automotive dealership marketing campaign asset for TOYOTA, commercial car banner layout, bottom legal conditions strip, usually a black, white, or red horizontal rectangle with very small Spanish legal disclaimer text', '--resolution=512', '--train_batch_size=1', '--gradient_accumulation_steps=4', '--learning_rate=0.0001', '--lr_scheduler=constant', '--lr_warmup_steps=0', '--max_train_steps=50', '--checkpointing_steps=15', '--checkpoints_total_limit=3', '--rank=8', '--seed=3407', '--mixed_precision=fp16', '--gradient_checkpointing']' died with <Signals.SIGKILL: 9>.
